sample/build/intermediates/manifest_merge_blame_file/debug/manifest-merger-blame-debug-report.txt
1<?xml version="1.0" encoding="utf-8"?>
2<manifest xmlns:android="http://schemas.android.com/apk/res/android"
3    package="es.voghdev.pdfviewpager"
4    android:versionCode="1"
5    android:versionName="1.0" >
6
7    <uses-sdk
8        android:minSdkVersion="15"
8-->src/main/AndroidManifest.xml
9        android:targetSdkVersion="29" />
9-->[:library] AndroidManifest.xml:9:9-38
10
11    <uses-permission android:name="android.permission.INTERNET" />
11-->src/main/AndroidManifest.xml:7:5-67
11-->src/main/AndroidManifest.xml:7:22-64
12    <uses-permission android:name="android.permission.WRITE_EXTERNAL_STORAGE" />
12-->src/main/AndroidManifest.xml:8:5-81
12-->src/main/AndroidManifest.xml:8:22-78
13    <uses-permission android:name="android.permission.READ_EXTERNAL_STORAGE" />
13-->src/main/AndroidManifest.xml:9:5-80
13-->src/main/AndroidManifest.xml:9:22-77
14
15    <application
15-->src/main/AndroidManifest.xml:11:5-41:19
16        android:name="es.voghdev.pdfviewpager.SampleApplication"
16-->src/main/AndroidManifest.xml:12:9-42
17        android:appComponentFactory="androidx.core.app.CoreComponentFactory"
17-->[androidx.core:core:1.3.0] AndroidManifest.xml:24:18-86
18        android:debuggable="true"
19        android:label="@string/app_name"
19-->src/main/AndroidManifest.xml:13:9-41
20        android:testOnly="true" >
21        <activity
21-->src/main/AndroidManifest.xml:14:9-22:20
22            android:name="es.voghdev.pdfviewpager.MainActivity"
22-->src/main/AndroidManifest.xml:15:13-41
23            android:label="@string/app_name"
23-->src/main/AndroidManifest.xml:16:13-45
24            android:theme="@style/Base.Theme.AppCompat.Light.DarkActionBar" >
24-->src/main/AndroidManifest.xml:17:13-76
25            <intent-filter>
25-->src/main/AndroidManifest.xml:18:13-21:29
26                <action android:name="android.intent.action.MAIN" />
26-->src/main/AndroidManifest.xml:19:17-69
26-->src/main/AndroidManifest.xml:19:25-66
27
28                <category android:name="android.intent.category.LAUNCHER" />
28-->src/main/AndroidManifest.xml:20:17-77
28-->src/main/AndroidManifest.xml:20:27-74
29            </intent-filter>
30        </activity>
31        <activity
31-->src/main/AndroidManifest.xml:23:9-25:79
32            android:name="es.voghdev.pdfviewpager.AssetOnXMLActivity"
32-->src/main/AndroidManifest.xml:24:13-47
33            android:theme="@style/Base.Theme.AppCompat.Light.DarkActionBar" />
33-->src/main/AndroidManifest.xml:25:13-76
34        <activity
34-->src/main/AndroidManifest.xml:26:9-28:79
35            android:name="es.voghdev.pdfviewpager.AssetOnSDActivity"
35-->src/main/AndroidManifest.xml:27:13-46
36            android:theme="@style/Base.Theme.AppCompat.Light.DarkActionBar" />
36-->src/main/AndroidManifest.xml:28:13-76
37        <activity
37-->src/main/AndroidManifest.xml:29:9-31:79
38            android:name="es.voghdev.pdfviewpager.RemotePDFActivity"
38-->src/main/AndroidManifest.xml:30:13-46
39            android:theme="@style/Base.Theme.AppCompat.Light.DarkActionBar" />
39-->src/main/AndroidManifest.xml:31:13-76
40        <activity
40-->src/main/AndroidManifest.xml:32:9-34:79
41            android:name="es.voghdev.pdfviewpager.ZoomablePDFActivityPhotoView"
41-->src/main/AndroidManifest.xml:33:13-57
42            android:theme="@style/Base.Theme.AppCompat.Light.DarkActionBar" />
42-->src/main/AndroidManifest.xml:34:13-76
43        <activity
43-->src/main/AndroidManifest.xml:35:9-37:79
44            android:name="es.voghdev.pdfviewpager.PDFWithScaleActivity"
44-->src/main/AndroidManifest.xml:36:13-49
45            android:theme="@style/Base.Theme.AppCompat.Light.DarkActionBar" />
45-->src/main/AndroidManifest.xml:37:13-76
46        <activity
46-->src/main/AndroidManifest.xml:38:9-40:79
47            android:name="es.voghdev.pdfviewpager.InvalidPdfActivity"
47-->src/main/AndroidManifest.xml:39:13-47
48            android:theme="@style/Base.Theme.AppCompat.Light.DarkActionBar" />
48-->src/main/AndroidManifest.xml:40:13-76
49
50        <service
50-->[:library] AndroidManifest.xml:12:9-15:19
51            android:name="es.voghdev.pdfviewpager.library.service.CopyAssetService"
51-->[:library] AndroidManifest.xml:13:13-84
52            android:exported="false" >
52-->[:library] AndroidManifest.xml:14:13-37
53        </service>
54    </application>
55
56</manifest>